<?xml version="1.0" encoding="UTF-8"?>
<!-- Generated by org.testng.reporters.JUnitReportReporter -->
<testsuite hostname="JSP-JNTU-HYD" failures="0" tests="1" name="tc_Repo.SampleTc_01" time="25.149" errors="0" timestamp="2023-10-17T13:45:32 IST" skipped="0">
  <testcase classname="tc_Repo.SampleTc_01" name="tcUsersModule" time="25.149"/>
  <system-out/>
</testsuite> <!-- tc_Repo.SampleTc_01 -->
