<?xml version="1.0" encoding="UTF-8"?>
<!-- Generated by org.testng.reporters.JUnitReportReporter -->
<testsuite hostname="JSP-JNTU-HYD" failures="0" tests="3" name="testNg_sampleTc.Tc_04" time="0.019" errors="0" timestamp="2023-10-10T14:03:42 IST" skipped="1">
  <testcase classname="testNg_sampleTc.Tc_04" name="delete" time="0.004"/>
  <system-out/>
  <testcase classname="testNg_sampleTc.Tc_04" name="create" time="0.015"/>
  <system-out/>
  <testcase classname="testNg_sampleTc.Tc_04" name="modify">
    <skipped/>
  </testcase> <!-- modify -->
  <system-out/>
</testsuite> <!-- testNg_sampleTc.Tc_04 -->
