<?xml version="1.0" encoding="UTF-8"?>
<!-- Generated by org.testng.reporters.JUnitReportReporter -->
<testsuite hostname="JSP-JNTU-HYD" failures="0" tests="3" name="testNg_sampleTc.Tc_01" time="0.012" errors="0" timestamp="2023-10-09T13:52:38 IST" skipped="0">
  <testcase classname="testNg_sampleTc.Tc_01" name="deleteUser" time="0.001"/>
  <system-out/>
  <testcase classname="testNg_sampleTc.Tc_01" name="createUser" time="0.009"/>
  <system-out/>
  <testcase classname="testNg_sampleTc.Tc_01" name="modifyUser" time="0.002"/>
  <system-out/>
</testsuite> <!-- testNg_sampleTc.Tc_01 -->
