<?xml version="1.0" encoding="UTF-8"?>
<!-- Generated by org.testng.reporters.JUnitReportReporter -->
<testsuite hostname="JSP-JNTU-HYD" failures="0" tests="3" name="testNg_sampleTc.Tc_05" time="0.011" errors="0" timestamp="2023-10-11T13:11:45 IST" skipped="0">
  <testcase classname="testNg_sampleTc.Tc_05" name="create" time="0.008"/>
  <system-out/>
  <testcase classname="testNg_sampleTc.Tc_05" name="modify" time="0.001"/>
  <system-out>
    <![CDATA[modify depends on create!!]]>
  </system-out>
  <testcase classname="testNg_sampleTc.Tc_05" name="delete" time="0.002"/>
  <system-out/>
</testsuite> <!-- testNg_sampleTc.Tc_05 -->
