<?xml version="1.0" encoding="UTF-8"?>
<!-- Generated by org.testng.reporters.JUnitReportReporter -->
<testsuite hostname="JSP-JNTU-HYD" failures="0" tests="7" name="testNg_sampleTc.Tc_03" time="0.013" errors="0" timestamp="2023-10-09T14:24:02 IST" skipped="0">
  <testcase classname="testNg_sampleTc.Tc_03" name="createUser" time="0.001"/>
  <system-out/>
  <testcase classname="testNg_sampleTc.Tc_03" name="createUser" time="0.000"/>
  <system-out/>
  <testcase classname="testNg_sampleTc.Tc_03" name="createUser" time="0.001"/>
  <system-out/>
  <testcase classname="testNg_sampleTc.Tc_03" name="createUser" time="0.009"/>
  <system-out/>
  <testcase classname="testNg_sampleTc.Tc_03" name="createUser" time="0.001"/>
  <system-out/>
  <testcase classname="testNg_sampleTc.Tc_03" name="modifyUser" time="0.001"/>
  <system-out/>
  <testcase classname="testNg_sampleTc.Tc_03" name="deleteUser" time="0.000"/>
  <system-out/>
</testsuite> <!-- testNg_sampleTc.Tc_03 -->
