<?xml version="1.0" encoding="UTF-8"?>
<!-- Generated by org.testng.reporters.JUnitReportReporter -->
<testsuite hostname="JSP-JNTU-HYD" failures="0" tests="1" name="tc_Repo.Sample_Tc_02" time="13.571" errors="0" timestamp="2023-10-18T13:22:24 IST" skipped="0">
  <testcase classname="tc_Repo.Sample_Tc_02" name="taskTc" time="13.571"/>
  <system-out/>
</testsuite> <!-- tc_Repo.Sample_Tc_02 -->
