<?xml version="1.0" encoding="UTF-8"?>
<!-- Generated by org.testng.reporters.JUnitReportReporter -->
<testsuite hostname="JSP-JNTU-HYD" failures="0" tests="5" name="testNg_sampleTc.Tc_02" time="0.017" errors="0" timestamp="2023-10-09T13:59:39 IST" skipped="0">
  <testcase classname="testNg_sampleTc.Tc_02" name="abcd" time="0.008"/>
  <system-out/>
  <testcase classname="testNg_sampleTc.Tc_02" name="xyz" time="0.002"/>
  <system-out/>
  <testcase classname="testNg_sampleTc.Tc_02" name="createUser" time="0.001"/>
  <system-out/>
  <testcase classname="testNg_sampleTc.Tc_02" name="modifyUser" time="0.005"/>
  <system-out/>
  <testcase classname="testNg_sampleTc.Tc_02" name="deleteUser" time="0.001"/>
  <system-out/>
</testsuite> <!-- testNg_sampleTc.Tc_02 -->
