<?xml version="1.0" encoding="UTF-8"?>
<!-- Generated by org.testng.reporters.JUnitReportReporter -->
<testsuite hostname="JSP-JNTU-HYD" failures="0" tests="1" name="tc_Repo.Sample_Tc_03" time="10.391" errors="0" timestamp="2023-10-19T13:03:45 IST" skipped="0">
  <testcase classname="tc_Repo.Sample_Tc_03" name="reportModule" time="10.391"/>
  <system-out>
    <![CDATA[reportModule started 
reportModule succeed!!]]>
  </system-out>
</testsuite> <!-- tc_Repo.Sample_Tc_03 -->
